2021-12-15 19:01:57.785  INFO 16024 --- [main] c.e.e.EmployeeManagementApplication      : Starting EmployeeManagementApplication using Java 11.0.12 on AYERANDG-L-2428 with PID 16024 (C:\Users\ayerandge\Desktop\GitRepo\EmployeeManagement\EmployeeManagement\target\classes started by ayerandge in C:\Users\ayerandge\Desktop\GitRepo\EmployeeManagement\EmployeeManagement)
2021-12-15 19:01:57.787  INFO 16024 --- [main] c.e.e.EmployeeManagementApplication      : No active profile set, falling back to default profiles: default
2021-12-15 19:01:58.438  INFO 16024 --- [main] .s.d.r.c.RepositoryConfigurationDelegate : Bootstrapping Spring Data JPA repositories in DEFAULT mode.
2021-12-15 19:01:58.481  INFO 16024 --- [main] .s.d.r.c.RepositoryConfigurationDelegate : Finished Spring Data repository scanning in 36 ms. Found 1 JPA repository interfaces.
2021-12-15 19:01:58.895  INFO 16024 --- [main] o.s.b.w.embedded.tomcat.TomcatWebServer  : Tomcat initialized with port(s): 8081 (http)
2021-12-15 19:01:58.901  INFO 16024 --- [main] o.apache.catalina.core.StandardService   : Starting service [Tomcat]
2021-12-15 19:01:58.902  INFO 16024 --- [main] org.apache.catalina.core.StandardEngine  : Starting Servlet engine: [Apache Tomcat/9.0.55]
2021-12-15 19:01:58.986  INFO 16024 --- [main] o.a.c.c.C.[Tomcat].[localhost].[/]       : Initializing Spring embedded WebApplicationContext
2021-12-15 19:01:58.987  INFO 16024 --- [main] w.s.c.ServletWebServerApplicationContext : Root WebApplicationContext: initialization completed in 1138 ms
2021-12-15 19:01:59.168  INFO 16024 --- [main] o.hibernate.jpa.internal.util.LogHelper  : HHH000204: Processing PersistenceUnitInfo [name: default]
2021-12-15 19:01:59.198  INFO 16024 --- [main] org.hibernate.Version                    : HHH000412: Hibernate ORM core version 5.6.1.Final
2021-12-15 19:01:59.304  INFO 16024 --- [main] o.hibernate.annotations.common.Version   : HCANN000001: Hibernate Commons Annotations {5.1.2.Final}
2021-12-15 19:01:59.368  WARN 16024 --- [main] com.zaxxer.hikari.HikariConfig           : HikariPool-1 - maxLifetime is less than 30000ms, setting to default 1800000ms.
2021-12-15 19:01:59.368  INFO 16024 --- [main] com.zaxxer.hikari.HikariDataSource       : HikariPool-1 - Starting...
2021-12-15 19:01:59.552  INFO 16024 --- [main] com.zaxxer.hikari.HikariDataSource       : HikariPool-1 - Start completed.
2021-12-15 19:01:59.564  INFO 16024 --- [main] org.hibernate.dialect.Dialect            : HHH000400: Using dialect: org.hibernate.dialect.PostgreSQLDialect
2021-12-15 19:02:00.119  INFO 16024 --- [main] o.h.e.t.j.p.i.JtaPlatformInitiator       : HHH000490: Using JtaPlatform implementation: [org.hibernate.engine.transaction.jta.platform.internal.NoJtaPlatform]
2021-12-15 19:02:00.126  INFO 16024 --- [main] j.LocalContainerEntityManagerFactoryBean : Initialized JPA EntityManagerFactory for persistence unit 'default'
2021-12-15 19:02:00.698  WARN 16024 --- [main] JpaBaseConfiguration$JpaWebConfiguration : spring.jpa.open-in-view is enabled by default. Therefore, database queries may be performed during view rendering. Explicitly configure spring.jpa.open-in-view to disable this warning
2021-12-15 19:02:01.484  INFO 16024 --- [main] o.s.b.w.embedded.tomcat.TomcatWebServer  : Tomcat started on port(s): 8081 (http) with context path ''
2021-12-15 19:02:01.493  INFO 16024 --- [main] c.e.e.EmployeeManagementApplication      : Started EmployeeManagementApplication in 4.07 seconds (JVM running for 4.792)
2021-12-15 19:02:22.109  INFO 16024 --- [RMI TCP Connection(4)-127.0.0.1] inMXBeanRegistrar$SpringApplicationAdmin : Application shutdown requested.
2021-12-15 19:02:22.251  INFO 16024 --- [RMI TCP Connection(4)-127.0.0.1] j.LocalContainerEntityManagerFactoryBean : Closing JPA EntityManagerFactory for persistence unit 'default'
2021-12-15 19:02:22.253  INFO 16024 --- [RMI TCP Connection(4)-127.0.0.1] com.zaxxer.hikari.HikariDataSource       : HikariPool-1 - Shutdown initiated...
2021-12-15 19:02:22.262  INFO 16024 --- [RMI TCP Connection(4)-127.0.0.1] com.zaxxer.hikari.HikariDataSource       : HikariPool-1 - Shutdown completed.
