2021-12-15 19:02:39.302  INFO 10428 --- [main] c.e.e.EmployeeManagementApplication      : Starting EmployeeManagementApplication using Java 11.0.12 on AYERANDG-L-2428 with PID 10428 (C:\Users\ayerandge\Desktop\GitRepo\EmployeeManagement\EmployeeManagement\target\classes started by ayerandge in C:\Users\ayerandge\Desktop\GitRepo\EmployeeManagement\EmployeeManagement)
2021-12-15 19:02:39.304  INFO 10428 --- [main] c.e.e.EmployeeManagementApplication      : No active profile set, falling back to default profiles: default
2021-12-15 19:02:39.968  INFO 10428 --- [main] .s.d.r.c.RepositoryConfigurationDelegate : Bootstrapping Spring Data JPA repositories in DEFAULT mode.
2021-12-15 19:02:40.034  INFO 10428 --- [main] .s.d.r.c.RepositoryConfigurationDelegate : Finished Spring Data repository scanning in 48 ms. Found 1 JPA repository interfaces.
2021-12-15 19:02:40.463  INFO 10428 --- [main] o.s.b.w.embedded.tomcat.TomcatWebServer  : Tomcat initialized with port(s): 8081 (http)
2021-12-15 19:02:40.471  INFO 10428 --- [main] o.apache.catalina.core.StandardService   : Starting service [Tomcat]
2021-12-15 19:02:40.471  INFO 10428 --- [main] org.apache.catalina.core.StandardEngine  : Starting Servlet engine: [Apache Tomcat/9.0.55]
2021-12-15 19:02:40.586  INFO 10428 --- [main] o.a.c.c.C.[Tomcat].[localhost].[/]       : Initializing Spring embedded WebApplicationContext
2021-12-15 19:02:40.586  INFO 10428 --- [main] w.s.c.ServletWebServerApplicationContext : Root WebApplicationContext: initialization completed in 1217 ms
2021-12-15 19:02:40.767  INFO 10428 --- [main] o.hibernate.jpa.internal.util.LogHelper  : HHH000204: Processing PersistenceUnitInfo [name: default]
2021-12-15 19:02:40.805  INFO 10428 --- [main] org.hibernate.Version                    : HHH000412: Hibernate ORM core version 5.6.1.Final
2021-12-15 19:02:40.943  INFO 10428 --- [main] o.hibernate.annotations.common.Version   : HCANN000001: Hibernate Commons Annotations {5.1.2.Final}
2021-12-15 19:02:41.047  WARN 10428 --- [main] com.zaxxer.hikari.HikariConfig           : HikariPool-1 - maxLifetime is less than 30000ms, setting to default 1800000ms.
2021-12-15 19:02:41.048  INFO 10428 --- [main] com.zaxxer.hikari.HikariDataSource       : HikariPool-1 - Starting...
2021-12-15 19:02:41.255  INFO 10428 --- [main] com.zaxxer.hikari.HikariDataSource       : HikariPool-1 - Start completed.
2021-12-15 19:02:41.267  INFO 10428 --- [main] org.hibernate.dialect.Dialect            : HHH000400: Using dialect: org.hibernate.dialect.PostgreSQLDialect
2021-12-15 19:02:41.746  INFO 10428 --- [main] o.h.e.t.j.p.i.JtaPlatformInitiator       : HHH000490: Using JtaPlatform implementation: [org.hibernate.engine.transaction.jta.platform.internal.NoJtaPlatform]
2021-12-15 19:02:41.752  INFO 10428 --- [main] j.LocalContainerEntityManagerFactoryBean : Initialized JPA EntityManagerFactory for persistence unit 'default'
2021-12-15 19:02:42.447  WARN 10428 --- [main] JpaBaseConfiguration$JpaWebConfiguration : spring.jpa.open-in-view is enabled by default. Therefore, database queries may be performed during view rendering. Explicitly configure spring.jpa.open-in-view to disable this warning
2021-12-15 19:02:43.288  INFO 10428 --- [main] o.s.b.w.embedded.tomcat.TomcatWebServer  : Tomcat started on port(s): 8081 (http) with context path ''
2021-12-15 19:02:43.297  INFO 10428 --- [main] c.e.e.EmployeeManagementApplication      : Started EmployeeManagementApplication in 4.34 seconds (JVM running for 5.112)
2021-12-15 19:02:52.538  INFO 10428 --- [http-nio-8081-exec-2] o.a.c.c.C.[Tomcat].[localhost].[/]       : Initializing Spring DispatcherServlet 'dispatcherServlet'
2021-12-15 19:02:52.539  INFO 10428 --- [http-nio-8081-exec-2] o.s.web.servlet.DispatcherServlet        : Initializing Servlet 'dispatcherServlet'
2021-12-15 19:02:52.540  INFO 10428 --- [http-nio-8081-exec-2] o.s.web.servlet.DispatcherServlet        : Completed initialization in 1 ms
2021-12-15 19:02:52.563  INFO 10428 --- [http-nio-8081-exec-2] c.e.e.controller.EmployeeController      : Fetching datat for all the employees
2021-12-15 19:02:52.571  INFO 10428 --- [http-nio-8081-exec-2] c.e.e.service.EmployeeServiceImpl        : Thread in EmployeeServiceImpl and in method getAllEmployees
2021-12-15 19:02:55.292  INFO 10428 --- [http-nio-8081-exec-3] c.e.e.controller.EmployeeController      : fetching data for the employee with employee Id : 40
2021-12-15 19:02:55.298  INFO 10428 --- [http-nio-8081-exec-3] c.e.e.service.EmployeeServiceImpl        : Thread in EmployeeServiceImpl and in method findEmployeeById
2021-12-15 19:03:23.408  INFO 10428 --- [RMI TCP Connection(4)-127.0.0.1] inMXBeanRegistrar$SpringApplicationAdmin : Application shutdown requested.
2021-12-15 19:03:23.546  INFO 10428 --- [RMI TCP Connection(4)-127.0.0.1] j.LocalContainerEntityManagerFactoryBean : Closing JPA EntityManagerFactory for persistence unit 'default'
2021-12-15 19:03:23.549  INFO 10428 --- [RMI TCP Connection(4)-127.0.0.1] com.zaxxer.hikari.HikariDataSource       : HikariPool-1 - Shutdown initiated...
2021-12-15 19:03:23.564  INFO 10428 --- [RMI TCP Connection(4)-127.0.0.1] com.zaxxer.hikari.HikariDataSource       : HikariPool-1 - Shutdown completed.
2021-12-15 19:03:26.586  INFO 18584 --- [main] c.e.e.EmployeeManagementApplication      : Starting EmployeeManagementApplication using Java 11.0.12 on AYERANDG-L-2428 with PID 18584 (C:\Users\ayerandge\Desktop\GitRepo\EmployeeManagement\EmployeeManagement\target\classes started by ayerandge in C:\Users\ayerandge\Desktop\GitRepo\EmployeeManagement\EmployeeManagement)
2021-12-15 19:03:26.588  INFO 18584 --- [main] c.e.e.EmployeeManagementApplication      : No active profile set, falling back to default profiles: default
2021-12-15 19:03:27.266  INFO 18584 --- [main] .s.d.r.c.RepositoryConfigurationDelegate : Bootstrapping Spring Data JPA repositories in DEFAULT mode.
2021-12-15 19:03:27.308  INFO 18584 --- [main] .s.d.r.c.RepositoryConfigurationDelegate : Finished Spring Data repository scanning in 34 ms. Found 1 JPA repository interfaces.
2021-12-15 19:03:27.758  INFO 18584 --- [main] o.s.b.w.embedded.tomcat.TomcatWebServer  : Tomcat initialized with port(s): 8081 (http)
2021-12-15 19:03:27.767  INFO 18584 --- [main] o.apache.catalina.core.StandardService   : Starting service [Tomcat]
2021-12-15 19:03:27.767  INFO 18584 --- [main] org.apache.catalina.core.StandardEngine  : Starting Servlet engine: [Apache Tomcat/9.0.55]
2021-12-15 19:03:27.860  INFO 18584 --- [main] o.a.c.c.C.[Tomcat].[localhost].[/]       : Initializing Spring embedded WebApplicationContext
2021-12-15 19:03:27.861  INFO 18584 --- [main] w.s.c.ServletWebServerApplicationContext : Root WebApplicationContext: initialization completed in 1208 ms
2021-12-15 19:03:28.082  INFO 18584 --- [main] o.hibernate.jpa.internal.util.LogHelper  : HHH000204: Processing PersistenceUnitInfo [name: default]
2021-12-15 19:03:28.122  INFO 18584 --- [main] org.hibernate.Version                    : HHH000412: Hibernate ORM core version 5.6.1.Final
2021-12-15 19:03:28.231  INFO 18584 --- [main] o.hibernate.annotations.common.Version   : HCANN000001: Hibernate Commons Annotations {5.1.2.Final}
2021-12-15 19:03:28.301  WARN 18584 --- [main] com.zaxxer.hikari.HikariConfig           : HikariPool-1 - maxLifetime is less than 30000ms, setting to default 1800000ms.
2021-12-15 19:03:28.302  INFO 18584 --- [main] com.zaxxer.hikari.HikariDataSource       : HikariPool-1 - Starting...
2021-12-15 19:03:28.582  INFO 18584 --- [main] com.zaxxer.hikari.HikariDataSource       : HikariPool-1 - Start completed.
2021-12-15 19:03:28.593  INFO 18584 --- [main] org.hibernate.dialect.Dialect            : HHH000400: Using dialect: org.hibernate.dialect.PostgreSQLDialect
2021-12-15 19:03:29.111  INFO 18584 --- [main] o.h.e.t.j.p.i.JtaPlatformInitiator       : HHH000490: Using JtaPlatform implementation: [org.hibernate.engine.transaction.jta.platform.internal.NoJtaPlatform]
2021-12-15 19:03:29.122  INFO 18584 --- [main] j.LocalContainerEntityManagerFactoryBean : Initialized JPA EntityManagerFactory for persistence unit 'default'
2021-12-15 19:03:29.742  WARN 18584 --- [main] JpaBaseConfiguration$JpaWebConfiguration : spring.jpa.open-in-view is enabled by default. Therefore, database queries may be performed during view rendering. Explicitly configure spring.jpa.open-in-view to disable this warning
2021-12-15 19:03:30.473  INFO 18584 --- [main] o.s.b.w.embedded.tomcat.TomcatWebServer  : Tomcat started on port(s): 8081 (http) with context path ''
2021-12-15 19:03:30.482  INFO 18584 --- [main] c.e.e.EmployeeManagementApplication      : Started EmployeeManagementApplication in 4.194 seconds (JVM running for 4.964)
2021-12-15 19:04:03.913  INFO 18584 --- [RMI TCP Connection(4)-127.0.0.1] inMXBeanRegistrar$SpringApplicationAdmin : Application shutdown requested.
2021-12-15 19:04:04.092  INFO 18584 --- [RMI TCP Connection(4)-127.0.0.1] j.LocalContainerEntityManagerFactoryBean : Closing JPA EntityManagerFactory for persistence unit 'default'
2021-12-15 19:04:04.096  INFO 18584 --- [RMI TCP Connection(4)-127.0.0.1] com.zaxxer.hikari.HikariDataSource       : HikariPool-1 - Shutdown initiated...
2021-12-15 19:04:04.113  INFO 18584 --- [RMI TCP Connection(4)-127.0.0.1] com.zaxxer.hikari.HikariDataSource       : HikariPool-1 - Shutdown completed.
