2021-12-15 18:59:12.344  INFO 9456 --- [main] c.e.e.EmployeeManagementApplication      : Starting EmployeeManagementApplication using Java 11.0.12 on AYERANDG-L-2428 with PID 9456 (C:\Users\ayerandge\Desktop\GitRepo\EmployeeManagement\EmployeeManagement\target\classes started by ayerandge in C:\Users\ayerandge\Desktop\GitRepo\EmployeeManagement\EmployeeManagement)
2021-12-15 18:59:12.347  INFO 9456 --- [main] c.e.e.EmployeeManagementApplication      : No active profile set, falling back to default profiles: default
2021-12-15 18:59:12.974  INFO 9456 --- [main] .s.d.r.c.RepositoryConfigurationDelegate : Bootstrapping Spring Data JPA repositories in DEFAULT mode.
2021-12-15 18:59:13.022  INFO 9456 --- [main] .s.d.r.c.RepositoryConfigurationDelegate : Finished Spring Data repository scanning in 39 ms. Found 1 JPA repository interfaces.
2021-12-15 18:59:14.050  INFO 9456 --- [main] o.s.b.w.embedded.tomcat.TomcatWebServer  : Tomcat initialized with port(s): 8081 (http)
2021-12-15 18:59:14.060  INFO 9456 --- [main] o.apache.catalina.core.StandardService   : Starting service [Tomcat]
2021-12-15 18:59:14.060  INFO 9456 --- [main] org.apache.catalina.core.StandardEngine  : Starting Servlet engine: [Apache Tomcat/9.0.55]
2021-12-15 18:59:14.179  INFO 9456 --- [main] o.a.c.c.C.[Tomcat].[localhost].[/]       : Initializing Spring embedded WebApplicationContext
2021-12-15 18:59:14.180  INFO 9456 --- [main] w.s.c.ServletWebServerApplicationContext : Root WebApplicationContext: initialization completed in 1765 ms
2021-12-15 18:59:14.321  INFO 9456 --- [main] o.hibernate.jpa.internal.util.LogHelper  : HHH000204: Processing PersistenceUnitInfo [name: default]
2021-12-15 18:59:14.353  INFO 9456 --- [main] org.hibernate.Version                    : HHH000412: Hibernate ORM core version 5.6.1.Final
2021-12-15 18:59:14.456  INFO 9456 --- [main] o.hibernate.annotations.common.Version   : HCANN000001: Hibernate Commons Annotations {5.1.2.Final}
2021-12-15 18:59:14.521  WARN 9456 --- [main] com.zaxxer.hikari.HikariConfig           : HikariPool-1 - maxLifetime is less than 30000ms, setting to default 1800000ms.
2021-12-15 18:59:14.521  INFO 9456 --- [main] com.zaxxer.hikari.HikariDataSource       : HikariPool-1 - Starting...
2021-12-15 18:59:14.708  INFO 9456 --- [main] com.zaxxer.hikari.HikariDataSource       : HikariPool-1 - Start completed.
2021-12-15 18:59:14.718  INFO 9456 --- [main] org.hibernate.dialect.Dialect            : HHH000400: Using dialect: org.hibernate.dialect.PostgreSQLDialect
2021-12-15 18:59:15.219  INFO 9456 --- [main] o.h.e.t.j.p.i.JtaPlatformInitiator       : HHH000490: Using JtaPlatform implementation: [org.hibernate.engine.transaction.jta.platform.internal.NoJtaPlatform]
2021-12-15 18:59:15.226  INFO 9456 --- [main] j.LocalContainerEntityManagerFactoryBean : Initialized JPA EntityManagerFactory for persistence unit 'default'
2021-12-15 18:59:15.775  WARN 9456 --- [main] JpaBaseConfiguration$JpaWebConfiguration : spring.jpa.open-in-view is enabled by default. Therefore, database queries may be performed during view rendering. Explicitly configure spring.jpa.open-in-view to disable this warning
2021-12-15 18:59:16.500  INFO 9456 --- [main] o.s.b.w.embedded.tomcat.TomcatWebServer  : Tomcat started on port(s): 8081 (http) with context path ''
2021-12-15 18:59:16.510  INFO 9456 --- [main] c.e.e.EmployeeManagementApplication      : Started EmployeeManagementApplication in 4.483 seconds (JVM running for 5.319)
2021-12-15 18:59:31.241  INFO 9456 --- [RMI TCP Connection(4)-127.0.0.1] inMXBeanRegistrar$SpringApplicationAdmin : Application shutdown requested.
2021-12-15 18:59:31.378  INFO 9456 --- [RMI TCP Connection(4)-127.0.0.1] j.LocalContainerEntityManagerFactoryBean : Closing JPA EntityManagerFactory for persistence unit 'default'
2021-12-15 18:59:31.380  INFO 9456 --- [RMI TCP Connection(4)-127.0.0.1] com.zaxxer.hikari.HikariDataSource       : HikariPool-1 - Shutdown initiated...
2021-12-15 18:59:31.388  INFO 9456 --- [RMI TCP Connection(4)-127.0.0.1] com.zaxxer.hikari.HikariDataSource       : HikariPool-1 - Shutdown completed.
2021-12-15 18:59:48.277  INFO 14404 --- [main] c.e.e.EmployeeManagementApplication      : Starting EmployeeManagementApplication using Java 11.0.12 on AYERANDG-L-2428 with PID 14404 (C:\Users\ayerandge\Desktop\GitRepo\EmployeeManagement\EmployeeManagement\target\classes started by ayerandge in C:\Users\ayerandge\Desktop\GitRepo\EmployeeManagement\EmployeeManagement)
2021-12-15 18:59:48.280  INFO 14404 --- [main] c.e.e.EmployeeManagementApplication      : No active profile set, falling back to default profiles: default
2021-12-15 18:59:48.896  INFO 14404 --- [main] .s.d.r.c.RepositoryConfigurationDelegate : Bootstrapping Spring Data JPA repositories in DEFAULT mode.
2021-12-15 18:59:48.936  INFO 14404 --- [main] .s.d.r.c.RepositoryConfigurationDelegate : Finished Spring Data repository scanning in 33 ms. Found 1 JPA repository interfaces.
2021-12-15 18:59:49.375  INFO 14404 --- [main] o.s.b.w.embedded.tomcat.TomcatWebServer  : Tomcat initialized with port(s): 8081 (http)
2021-12-15 18:59:49.381  INFO 14404 --- [main] o.apache.catalina.core.StandardService   : Starting service [Tomcat]
2021-12-15 18:59:49.381  INFO 14404 --- [main] org.apache.catalina.core.StandardEngine  : Starting Servlet engine: [Apache Tomcat/9.0.55]
2021-12-15 18:59:49.472  INFO 14404 --- [main] o.a.c.c.C.[Tomcat].[localhost].[/]       : Initializing Spring embedded WebApplicationContext
2021-12-15 18:59:49.473  INFO 14404 --- [main] w.s.c.ServletWebServerApplicationContext : Root WebApplicationContext: initialization completed in 1128 ms
2021-12-15 18:59:49.617  INFO 14404 --- [main] o.hibernate.jpa.internal.util.LogHelper  : HHH000204: Processing PersistenceUnitInfo [name: default]
2021-12-15 18:59:49.651  INFO 14404 --- [main] org.hibernate.Version                    : HHH000412: Hibernate ORM core version 5.6.1.Final
2021-12-15 18:59:49.761  INFO 14404 --- [main] o.hibernate.annotations.common.Version   : HCANN000001: Hibernate Commons Annotations {5.1.2.Final}
2021-12-15 18:59:49.828  WARN 14404 --- [main] com.zaxxer.hikari.HikariConfig           : HikariPool-1 - maxLifetime is less than 30000ms, setting to default 1800000ms.
2021-12-15 18:59:49.828  INFO 14404 --- [main] com.zaxxer.hikari.HikariDataSource       : HikariPool-1 - Starting...
2021-12-15 18:59:50.028  INFO 14404 --- [main] com.zaxxer.hikari.HikariDataSource       : HikariPool-1 - Start completed.
2021-12-15 18:59:50.041  INFO 14404 --- [main] org.hibernate.dialect.Dialect            : HHH000400: Using dialect: org.hibernate.dialect.PostgreSQLDialect
2021-12-15 18:59:50.541  INFO 14404 --- [main] o.h.e.t.j.p.i.JtaPlatformInitiator       : HHH000490: Using JtaPlatform implementation: [org.hibernate.engine.transaction.jta.platform.internal.NoJtaPlatform]
2021-12-15 18:59:50.549  INFO 14404 --- [main] j.LocalContainerEntityManagerFactoryBean : Initialized JPA EntityManagerFactory for persistence unit 'default'
2021-12-15 18:59:51.113  WARN 14404 --- [main] JpaBaseConfiguration$JpaWebConfiguration : spring.jpa.open-in-view is enabled by default. Therefore, database queries may be performed during view rendering. Explicitly configure spring.jpa.open-in-view to disable this warning
2021-12-15 18:59:51.806  INFO 14404 --- [main] o.s.b.w.embedded.tomcat.TomcatWebServer  : Tomcat started on port(s): 8081 (http) with context path ''
2021-12-15 18:59:51.814  INFO 14404 --- [main] c.e.e.EmployeeManagementApplication      : Started EmployeeManagementApplication in 3.863 seconds (JVM running for 4.671)
2021-12-15 18:59:56.637  INFO 14404 --- [http-nio-8081-exec-2] o.a.c.c.C.[Tomcat].[localhost].[/]       : Initializing Spring DispatcherServlet 'dispatcherServlet'
2021-12-15 18:59:56.638  INFO 14404 --- [http-nio-8081-exec-2] o.s.web.servlet.DispatcherServlet        : Initializing Servlet 'dispatcherServlet'
2021-12-15 18:59:56.639  INFO 14404 --- [http-nio-8081-exec-2] o.s.web.servlet.DispatcherServlet        : Completed initialization in 0 ms
2021-12-15 18:59:56.677  INFO 14404 --- [http-nio-8081-exec-2] c.e.e.controller.EmployeeController      : fetching data for the employee with employee Id : 40
2021-12-15 18:59:56.693  INFO 14404 --- [http-nio-8081-exec-2] c.e.e.service.EmployeeServiceImpl        : Thread in EmployeeServiceImpl and in method findEmployeeById
2021-12-15 18:59:58.159  INFO 14404 --- [http-nio-8081-exec-3] c.e.e.controller.EmployeeController      : Fetching datat for all the employees
2021-12-15 18:59:58.160  INFO 14404 --- [http-nio-8081-exec-3] c.e.e.service.EmployeeServiceImpl        : Thread in EmployeeServiceImpl and in method getAllEmployees
2021-12-15 19:01:40.305  INFO 14404 --- [RMI TCP Connection(3)-127.0.0.1] inMXBeanRegistrar$SpringApplicationAdmin : Application shutdown requested.
2021-12-15 19:01:40.501  INFO 14404 --- [RMI TCP Connection(3)-127.0.0.1] j.LocalContainerEntityManagerFactoryBean : Closing JPA EntityManagerFactory for persistence unit 'default'
2021-12-15 19:01:40.503  INFO 14404 --- [RMI TCP Connection(3)-127.0.0.1] com.zaxxer.hikari.HikariDataSource       : HikariPool-1 - Shutdown initiated...
2021-12-15 19:01:40.512  INFO 14404 --- [RMI TCP Connection(3)-127.0.0.1] com.zaxxer.hikari.HikariDataSource       : HikariPool-1 - Shutdown completed.
